<?xml version="1.0" encoding="UTF-8"?>
<!-- Generated by org.testng.reporters.JUnitReportReporter -->
<testsuite hostname="DESKTOP-210LHAF" failures="0" tests="3" name="tests.AddToCartModule" time="59.916" errors="0" timestamp="2025-07-01T10:07:43 IST" skipped="0">
  <testcase classname="tests.AddToCartModule" name="testAddProductToCart" time="15.934"/>
  <testcase classname="tests.AddToCartModule" name="RemoveAddedProductFromCart" time="18.392"/>
  <testcase classname="tests.AddToCartModule" name="AddMutilpleProductToCart" time="25.590"/>
</testsuite> <!-- tests.AddToCartModule -->
