<?xml version="1.0" encoding="UTF-8"?>
<!-- Generated by org.testng.reporters.JUnitReportReporter -->
<testsuite hostname="DESKTOP-210LHAF" failures="0" tests="4" name="tests.NavigationModule" time="45.685" errors="0" timestamp="2025-07-01T10:07:43 IST" skipped="0">
  <testcase classname="tests.NavigationModule" name="testNavigateToHome" time="9.480"/>
  <testcase classname="tests.NavigationModule" name="testNavbarLinks" time="15.049"/>
  <testcase classname="tests.NavigationModule" name="Navigation" time="9.412"/>
  <testcase classname="tests.NavigationModule" name="testViewProductDetails" time="11.744"/>
</testsuite> <!-- tests.NavigationModule -->
