<?xml version="1.0" encoding="UTF-8"?>
<!-- Generated by org.testng.reporters.JUnitReportReporter -->
<testsuite hostname="DESKTOP-210LHAF" failures="0" tests="1" name="tests.LogOutModule" time="23.543" errors="0" timestamp="2025-07-01T10:07:43 IST" skipped="0">
  <testcase classname="tests.LogOutModule" name="LogoutFunctionality" time="23.543"/>
</testsuite> <!-- tests.LogOutModule -->
