<?xml version="1.0" encoding="UTF-8"?>
<!-- Generated by org.testng.reporters.JUnitReportReporter -->
<testsuite hostname="DESKTOP-210LHAF" failures="0" tests="4" name="tests.LoginModule" time="34.190" errors="0" timestamp="2025-07-01T10:07:43 IST" skipped="0">
  <testcase classname="tests.LoginModule" name="LoginFunctionality" time="8.424"/>
  <testcase classname="tests.LoginModule" name="LoginFunctionality" time="7.505"/>
  <testcase classname="tests.LoginModule" name="LoginFunctionality" time="9.482"/>
  <testcase classname="tests.LoginModule" name="LoginFunctionality" time="8.779"/>
</testsuite> <!-- tests.LoginModule -->
