<?xml version="1.0" encoding="UTF-8"?>
<!-- Generated by org.testng.reporters.JUnitReportReporter -->
<testsuite hostname="DESKTOP-210LHAF" failures="0" tests="2" name="tests.ResponsiveTestModule" time="16.321" errors="0" timestamp="2025-07-01T10:07:43 IST" skipped="0">
  <testcase classname="tests.ResponsiveTestModule" name="testNoHorizontalScrollOnMobile" time="7.688"/>
  <testcase classname="tests.ResponsiveTestModule" name="testNoHorizontalScrollOnTablet" time="8.633"/>
</testsuite> <!-- tests.ResponsiveTestModule -->
