<?xml version="1.0" encoding="UTF-8"?>
<!-- Generated by org.testng.reporters.JUnitReportReporter -->
<testsuite hostname="DESKTOP-210LHAF" failures="0" tests="2" name="tests.PlaceOrderModule" time="30.381" errors="0" timestamp="2025-07-02T13:30:08 IST" skipped="0">
  <testcase classname="tests.PlaceOrderModule" name="testPlaceOrderWithValidDetails" time="14.777"/>
  <testcase classname="tests.PlaceOrderModule" name="testPlaceOrderWithEmptyForm" time="15.604"/>
</testsuite> <!-- tests.PlaceOrderModule -->
