<?xml version="1.0" encoding="UTF-8"?>
<!-- Generated by org.testng.reporters.JUnitReportReporter -->
<testsuite hostname="DESKTOP-210LHAF" failures="0" tests="3" name="tests.SignUpModule" time="24.814" errors="0" timestamp="2025-07-02T13:35:22 IST" skipped="0">
  <testcase classname="tests.SignUpModule" name="SignUp" time="8.551"/>
  <testcase classname="tests.SignUpModule" name="SignUp" time="8.935"/>
  <testcase classname="tests.SignUpModule" name="SignUp" time="7.328"/>
</testsuite> <!-- tests.SignUpModule -->
