<?xml version="1.0" encoding="UTF-8"?>
<!-- Generated by org.testng.reporters.JUnitReportReporter -->
<testsuite hostname="DESKTOP-210LHAF" failures="0" tests="4" name="tests.NavigationModule" time="34.733" errors="0" timestamp="2025-07-02T13:35:22 IST" skipped="0">
  <testcase classname="tests.NavigationModule" name="testNavigateToHome" time="7.200"/>
  <testcase classname="tests.NavigationModule" name="testNavbarLinks" time="10.458"/>
  <testcase classname="tests.NavigationModule" name="Navigation" time="8.285"/>
  <testcase classname="tests.NavigationModule" name="testViewProductDetails" time="8.790"/>
</testsuite> <!-- tests.NavigationModule -->
