<?xml version="1.0" encoding="UTF-8"?>
<!-- Generated by org.testng.reporters.JUnitReportReporter -->
<testsuite hostname="DESKTOP-210LHAF" failures="0" tests="1" name="tests.LogOutModule" time="13.090" errors="0" timestamp="2025-07-02T13:35:22 IST" skipped="0">
  <testcase classname="tests.LogOutModule" name="LogoutFunctionality" time="13.090"/>
</testsuite> <!-- tests.LogOutModule -->
