<?xml version="1.0" encoding="UTF-8"?>
<!-- Generated by org.testng.reporters.JUnitReportReporter -->
<testsuite hostname="DESKTOP-210LHAF" failures="0" tests="2" name="tests.ResponsiveTestModule" time="14.862" errors="0" timestamp="2025-07-02T13:35:22 IST" skipped="0">
  <testcase classname="tests.ResponsiveTestModule" name="testNoHorizontalScrollOnMobile" time="7.506"/>
  <testcase classname="tests.ResponsiveTestModule" name="testNoHorizontalScrollOnTablet" time="7.356"/>
</testsuite> <!-- tests.ResponsiveTestModule -->
