<?xml version="1.0" encoding="UTF-8"?>
<!-- Generated by org.testng.reporters.JUnitReportReporter -->
<testsuite hostname="DESKTOP-210LHAF" failures="0" tests="3" name="tests.AddToCartModule" time="46.443" errors="0" timestamp="2025-07-02T13:35:22 IST" skipped="0">
  <testcase classname="tests.AddToCartModule" name="testAddProductToCart" time="13.564"/>
  <testcase classname="tests.AddToCartModule" name="RemoveAddedProductFromCart" time="13.156"/>
  <testcase classname="tests.AddToCartModule" name="AddMutilpleProductToCart" time="19.723"/>
</testsuite> <!-- tests.AddToCartModule -->
